0 1 is thinking
0 1 has taken a fork
0 1 has taken a fork
0 1 is eating
200 1 is sleeping
400 1 is thinking
400 1 has taken a fork
400 1 has taken a fork
400 1 is eating
600 1 is sleeping
800 1 is thinking
800 1 has taken a fork
800 1 has taken a fork
800 1 is eating
0 2 is thinking
0 2 has taken a fork
0 2 has taken a fork
0 2 is eating
200 2 is sleeping
400 2 is thinking
400 2 has taken a fork
400 2 has taken a fork
400 2 is eating
600 2 is sleeping
800 2 is thinking
800 2 has taken a fork
800 2 has taken a fork
800 2 is eating
0 3 is thinking
0 3 has taken a fork
0 3 has taken a fork
0 3 is eating
200 3 is sleeping
400 3 is thinking
400 3 has taken a fork
400 3 has taken a fork
400 3 is eating
600 3 is sleeping
800 3 is thinking
800 3 has taken a fork
800 3 has taken a fork
800 3 is eating
0 4 is thinking
0 4 has taken a fork
0 4 has taken a fork
0 4 is eating
200 4 is sleeping
400 4 is thinking
400 4 has taken a fork
400 4 has taken a fork
400 4 is eating
600 4 is sleeping
800 4 is thinking
800 4 has taken a fork
800 4 has taken a fork
800 4 is eating
0 5 is thinking
1 5 has taken a fork
1 5 has taken a fork
1 5 is eating
201 5 is sleeping
401 5 is thinking
401 5 has taken a fork
401 5 has taken a fork
401 5 is eating
601 5 is sleeping
801 5 is thinking
801 5 has taken a fork
801 5 has taken a fork
801 5 is eating
0 6 is thinking
0 6 has taken a fork
0 6 has taken a fork
0 6 is eating
200 6 is sleeping
400 6 is thinking
400 6 has taken a fork
400 6 has taken a fork
400 6 is eating
600 6 is sleeping
800 6 is thinking
800 6 has taken a fork
800 6 has taken a fork
800 6 is eating
0 7 is thinking
0 7 has taken a fork
0 7 has taken a fork
0 7 is eating
200 7 is sleeping
400 7 is thinking
400 7 has taken a fork
400 7 has taken a fork
400 7 is eating
600 7 is sleeping
800 7 is thinking
800 7 has taken a fork
800 7 has taken a fork
800 7 is eating
0 8 is thinking
0 8 has taken a fork
0 8 has taken a fork
0 8 is eating
200 8 is sleeping
400 8 is thinking
400 8 has taken a fork
400 8 has taken a fork
400 8 is eating
600 8 is sleeping
800 8 is thinking
800 8 has taken a fork
800 8 has taken a fork
800 8 is eating
0 9 is thinking
0 9 has taken a fork
0 9 has taken a fork
0 9 is eating
200 9 is sleeping
400 9 is thinking
400 9 has taken a fork
400 9 has taken a fork
400 9 is eating
600 9 is sleeping
800 9 is thinking
800 9 has taken a fork
800 9 has taken a fork
800 9 is eating
0 10 is thinking
0 10 has taken a fork
0 10 has taken a fork
0 10 is eating
200 10 is sleeping
400 10 is thinking
400 10 has taken a fork
400 10 has taken a fork
400 10 is eating
600 10 is sleeping
800 10 is thinking
800 10 has taken a fork
800 10 has taken a fork
800 10 is eating
0 11 is thinking
0 11 has taken a fork
0 11 has taken a fork
0 11 is eating
200 11 is sleeping
400 11 is thinking
400 11 has taken a fork
400 11 has taken a fork
400 11 is eating
600 11 is sleeping
800 11 is thinking
800 11 has taken a fork
800 11 has taken a fork
800 11 is eating
0 12 is thinking
0 12 has taken a fork
0 12 has taken a fork
0 12 is eating
200 12 is sleeping
400 12 is thinking
400 12 has taken a fork
400 12 has taken a fork
400 12 is eating
600 12 is sleeping
800 12 is thinking
800 12 has taken a fork
800 12 has taken a fork
800 12 is eating
0 13 is thinking
0 13 has taken a fork
0 13 has taken a fork
0 13 is eating
200 13 is sleeping
400 13 is thinking
400 13 has taken a fork
400 13 has taken a fork
400 13 is eating
600 13 is sleeping
800 13 is thinking
800 13 has taken a fork
800 13 has taken a fork
800 13 is eating
0 14 is thinking
0 14 has taken a fork
0 14 has taken a fork
0 14 is eating
200 14 is sleeping
400 14 is thinking
400 14 has taken a fork
400 14 has taken a fork
400 14 is eating
600 14 is sleeping
800 14 is thinking
800 14 has taken a fork
800 14 has taken a fork
800 14 is eating
0 15 is thinking
0 15 has taken a fork
0 15 has taken a fork
0 15 is eating
200 15 is sleeping
400 15 is thinking
400 15 has taken a fork
400 15 has taken a fork
400 15 is eating
600 15 is sleeping
800 15 is thinking
800 15 has taken a fork
800 15 has taken a fork
800 15 is eating
0 16 is thinking
1 16 has taken a fork
1 16 has taken a fork
1 16 is eating
201 16 is sleeping
401 16 is thinking
401 16 has taken a fork
401 16 has taken a fork
401 16 is eating
601 16 is sleeping
801 16 is thinking
801 16 has taken a fork
801 16 has taken a fork
801 16 is eating
0 17 is thinking
0 17 has taken a fork
0 17 has taken a fork
0 17 is eating
200 17 is sleeping
400 17 is thinking
400 17 has taken a fork
400 17 has taken a fork
400 17 is eating
600 17 is sleeping
800 17 is thinking
800 17 has taken a fork
800 17 has taken a fork
800 17 is eating
0 18 is thinking
0 18 has taken a fork
0 18 has taken a fork
0 18 is eating
200 18 is sleeping
400 18 is thinking
400 18 has taken a fork
400 18 has taken a fork
400 18 is eating
600 18 is sleeping
800 18 is thinking
800 18 has taken a fork
800 18 has taken a fork
800 18 is eating
0 19 is thinking
0 19 has taken a fork
0 19 has taken a fork
0 19 is eating
200 19 is sleeping
400 19 is thinking
400 19 has taken a fork
400 19 has taken a fork
400 19 is eating
600 19 is sleeping
800 19 is thinking
800 19 has taken a fork
800 19 has taken a fork
800 19 is eating
0 20 is thinking
0 20 has taken a fork
0 20 has taken a fork
0 20 is eating
200 20 is sleeping
400 20 is thinking
400 20 has taken a fork
400 20 has taken a fork
400 20 is eating
600 20 is sleeping
800 20 is thinking
800 20 has taken a fork
800 20 has taken a fork
800 20 is eating
0 21 is thinking
0 21 has taken a fork
0 21 has taken a fork
0 21 is eating
200 21 is sleeping
400 21 is thinking
400 21 has taken a fork
400 21 has taken a fork
400 21 is eating
600 21 is sleeping
800 21 is thinking
800 21 has taken a fork
800 21 has taken a fork
800 21 is eating
0 22 is thinking
0 22 has taken a fork
0 22 has taken a fork
0 22 is eating
200 22 is sleeping
400 22 is thinking
400 22 has taken a fork
400 22 has taken a fork
400 22 is eating
600 22 is sleeping
800 22 is thinking
800 22 has taken a fork
800 22 has taken a fork
800 22 is eating
0 23 is thinking
0 23 has taken a fork
0 23 has taken a fork
0 23 is eating
200 23 is sleeping
400 23 is thinking
400 23 has taken a fork
400 23 has taken a fork
400 23 is eating
600 23 is sleeping
800 23 is thinking
800 23 has taken a fork
800 23 has taken a fork
800 23 is eating
0 24 is thinking
0 24 has taken a fork
0 24 has taken a fork
0 24 is eating
200 24 is sleeping
400 24 is thinking
400 24 has taken a fork
400 24 has taken a fork
400 24 is eating
600 24 is sleeping
800 24 is thinking
800 24 has taken a fork
800 24 has taken a fork
800 24 is eating
0 25 is thinking
0 25 has taken a fork
0 25 has taken a fork
0 25 is eating
200 25 is sleeping
400 25 is thinking
400 25 has taken a fork
400 25 has taken a fork
400 25 is eating
600 25 is sleeping
800 25 is thinking
800 25 has taken a fork
800 25 has taken a fork
800 25 is eating
0 26 is thinking
0 26 has taken a fork
0 26 has taken a fork
0 26 is eating
200 26 is sleeping
400 26 is thinking
400 26 has taken a fork
400 26 has taken a fork
400 26 is eating
600 26 is sleeping
800 26 is thinking
800 26 has taken a fork
800 26 has taken a fork
800 26 is eating
0 27 is thinking
0 27 has taken a fork
0 27 has taken a fork
0 27 is eating
200 27 is sleeping
400 27 is thinking
400 27 has taken a fork
400 27 has taken a fork
400 27 is eating
600 27 is sleeping
800 27 is thinking
800 27 has taken a fork
800 27 has taken a fork
800 27 is eating
0 28 is thinking
0 28 has taken a fork
0 28 has taken a fork
0 28 is eating
200 28 is sleeping
400 28 is thinking
400 28 has taken a fork
400 28 has taken a fork
400 28 is eating
600 28 is sleeping
800 28 is thinking
800 28 has taken a fork
800 28 has taken a fork
800 28 is eating
0 29 is thinking
0 29 has taken a fork
0 29 has taken a fork
0 29 is eating
200 29 is sleeping
400 29 is thinking
400 29 has taken a fork
400 29 has taken a fork
400 29 is eating
600 29 is sleeping
800 29 is thinking
800 29 has taken a fork
800 29 has taken a fork
800 29 is eating
0 30 is thinking
0 30 has taken a fork
0 30 has taken a fork
0 30 is eating
200 30 is sleeping
400 30 is thinking
400 30 has taken a fork
400 30 has taken a fork
400 30 is eating
600 30 is sleeping
800 30 is thinking
800 30 has taken a fork
800 30 has taken a fork
800 30 is eating
0 31 is thinking
0 31 has taken a fork
0 31 has taken a fork
0 31 is eating
200 31 is sleeping
400 31 is thinking
400 31 has taken a fork
400 31 has taken a fork
400 31 is eating
600 31 is sleeping
800 31 is thinking
800 31 has taken a fork
800 31 has taken a fork
800 31 is eating
0 32 is thinking
0 32 has taken a fork
0 32 has taken a fork
0 32 is eating
200 32 is sleeping
400 32 is thinking
400 32 has taken a fork
400 32 has taken a fork
400 32 is eating
600 32 is sleeping
800 32 is thinking
800 32 has taken a fork
800 32 has taken a fork
800 32 is eating
0 33 is thinking
0 33 has taken a fork
0 33 has taken a fork
0 33 is eating
200 33 is sleeping
400 33 is thinking
400 33 has taken a fork
400 33 has taken a fork
400 33 is eating
600 33 is sleeping
800 33 is thinking
800 33 has taken a fork
800 33 has taken a fork
800 33 is eating
0 34 is thinking
0 34 has taken a fork
0 34 has taken a fork
0 34 is eating
200 34 is sleeping
400 34 is thinking
400 34 has taken a fork
400 34 has taken a fork
400 34 is eating
600 34 is sleeping
800 34 is thinking
800 34 has taken a fork
800 34 has taken a fork
800 34 is eating
0 35 is thinking
0 35 has taken a fork
0 35 has taken a fork
0 35 is eating
200 35 is sleeping
400 35 is thinking
400 35 has taken a fork
400 35 has taken a fork
400 35 is eating
600 35 is sleeping
800 35 is thinking
800 35 has taken a fork
800 35 has taken a fork
800 35 is eating
0 36 is thinking
0 36 has taken a fork
0 36 has taken a fork
0 36 is eating
200 36 is sleeping
400 36 is thinking
400 36 has taken a fork
400 36 has taken a fork
400 36 is eating
600 36 is sleeping
800 36 is thinking
800 36 has taken a fork
800 36 has taken a fork
800 36 is eating
0 37 is thinking
0 37 has taken a fork
0 37 has taken a fork
0 37 is eating
200 37 is sleeping
400 37 is thinking
400 37 has taken a fork
400 37 has taken a fork
400 37 is eating
600 37 is sleeping
800 37 is thinking
800 37 has taken a fork
800 37 has taken a fork
800 37 is eating
1 38 is thinking
1 38 has taken a fork
1 38 has taken a fork
1 38 is eating
201 38 is sleeping
401 38 is thinking
401 38 has taken a fork
401 38 has taken a fork
401 38 is eating
601 38 is sleeping
801 38 is thinking
801 38 has taken a fork
801 38 has taken a fork
801 38 is eating
0 39 is thinking
1 39 has taken a fork
1 39 has taken a fork
1 39 is eating
201 39 is sleeping
401 39 is thinking
401 39 has taken a fork
401 39 has taken a fork
401 39 is eating
601 39 is sleeping
801 39 is thinking
801 39 has taken a fork
801 39 has taken a fork
801 39 is eating
1 40 is thinking
1 40 has taken a fork
1 40 has taken a fork
1 40 is eating
201 40 is sleeping
401 40 is thinking
401 40 has taken a fork
401 40 has taken a fork
401 40 is eating
601 40 is sleeping
801 40 is thinking
801 40 has taken a fork
801 40 has taken a fork
801 40 is eating
0 41 is thinking
0 41 has taken a fork
0 41 has taken a fork
0 41 is eating
200 41 is sleeping
400 41 is thinking
400 41 has taken a fork
400 41 has taken a fork
400 41 is eating
600 41 is sleeping
800 41 is thinking
800 41 has taken a fork
800 41 has taken a fork
800 41 is eating
0 42 is thinking
0 42 has taken a fork
0 42 has taken a fork
0 42 is eating
200 42 is sleeping
400 42 is thinking
400 42 has taken a fork
400 42 has taken a fork
400 42 is eating
600 42 is sleeping
800 42 is thinking
800 42 has taken a fork
800 42 has taken a fork
800 42 is eating
0 43 is thinking
0 43 has taken a fork
0 43 has taken a fork
0 43 is eating
200 43 is sleeping
400 43 is thinking
400 43 has taken a fork
400 43 has taken a fork
400 43 is eating
600 43 is sleeping
800 43 is thinking
800 43 has taken a fork
800 43 has taken a fork
800 43 is eating
0 44 is thinking
0 44 has taken a fork
0 44 has taken a fork
0 44 is eating
200 44 is sleeping
400 44 is thinking
400 44 has taken a fork
400 44 has taken a fork
400 44 is eating
600 44 is sleeping
800 44 is thinking
800 44 has taken a fork
800 44 has taken a fork
800 44 is eating
0 45 is thinking
0 45 has taken a fork
0 45 has taken a fork
0 45 is eating
200 45 is sleeping
400 45 is thinking
400 45 has taken a fork
400 45 has taken a fork
400 45 is eating
600 45 is sleeping
800 45 is thinking
800 45 has taken a fork
800 45 has taken a fork
800 45 is eating
0 46 is thinking
0 46 has taken a fork
0 46 has taken a fork
0 46 is eating
200 46 is sleeping
400 46 is thinking
400 46 has taken a fork
400 46 has taken a fork
400 46 is eating
600 46 is sleeping
800 46 is thinking
800 46 has taken a fork
800 46 has taken a fork
800 46 is eating
0 47 is thinking
1 47 has taken a fork
1 47 has taken a fork
1 47 is eating
201 47 is sleeping
401 47 is thinking
401 47 has taken a fork
401 47 has taken a fork
401 47 is eating
601 47 is sleeping
801 47 is thinking
801 47 has taken a fork
801 47 has taken a fork
801 47 is eating
0 48 is thinking
0 48 has taken a fork
0 48 has taken a fork
0 48 is eating
200 48 is sleeping
400 48 is thinking
400 48 has taken a fork
400 48 has taken a fork
400 48 is eating
600 48 is sleeping
800 48 is thinking
800 48 has taken a fork
800 48 has taken a fork
800 48 is eating
0 49 is thinking
0 49 has taken a fork
0 49 has taken a fork
0 49 is eating
200 49 is sleeping
400 49 is thinking
400 49 has taken a fork
400 49 has taken a fork
400 49 is eating
600 49 is sleeping
800 49 is thinking
800 49 has taken a fork
800 49 has taken a fork
800 49 is eating
0 50 is thinking
0 50 has taken a fork
0 50 has taken a fork
0 50 is eating
200 50 is sleeping
400 50 is thinking
400 50 has taken a fork
400 50 has taken a fork
400 50 is eating
600 50 is sleeping
800 50 is thinking
800 50 has taken a fork
800 50 has taken a fork
800 50 is eating
0 51 is thinking
0 51 has taken a fork
0 51 has taken a fork
0 51 is eating
200 51 is sleeping
400 51 is thinking
400 51 has taken a fork
400 51 has taken a fork
400 51 is eating
600 51 is sleeping
800 51 is thinking
800 51 has taken a fork
800 51 has taken a fork
800 51 is eating
0 52 is thinking
0 52 has taken a fork
0 52 has taken a fork
0 52 is eating
200 52 is sleeping
400 52 is thinking
400 52 has taken a fork
400 52 has taken a fork
400 52 is eating
600 52 is sleeping
800 52 is thinking
800 52 has taken a fork
800 52 has taken a fork
800 52 is eating
0 53 is thinking
0 53 has taken a fork
0 53 has taken a fork
0 53 is eating
200 53 is sleeping
400 53 is thinking
400 53 has taken a fork
400 53 has taken a fork
400 53 is eating
600 53 is sleeping
800 53 is thinking
800 53 has taken a fork
800 53 has taken a fork
800 53 is eating
0 54 is thinking
0 54 has taken a fork
0 54 has taken a fork
0 54 is eating
200 54 is sleeping
400 54 is thinking
400 54 has taken a fork
400 54 has taken a fork
400 54 is eating
600 54 is sleeping
800 54 is thinking
800 54 has taken a fork
800 54 has taken a fork
800 54 is eating
0 55 is thinking
0 55 has taken a fork
0 55 has taken a fork
0 55 is eating
200 55 is sleeping
400 55 is thinking
400 55 has taken a fork
400 55 has taken a fork
400 55 is eating
600 55 is sleeping
800 55 is thinking
800 55 has taken a fork
800 55 has taken a fork
800 55 is eating
0 56 is thinking
0 56 has taken a fork
0 56 has taken a fork
0 56 is eating
200 56 is sleeping
400 56 is thinking
400 56 has taken a fork
400 56 has taken a fork
400 56 is eating
600 56 is sleeping
800 56 is thinking
800 56 has taken a fork
800 56 has taken a fork
800 56 is eating
0 57 is thinking
0 57 has taken a fork
0 57 has taken a fork
0 57 is eating
200 57 is sleeping
400 57 is thinking
400 57 has taken a fork
400 57 has taken a fork
400 57 is eating
600 57 is sleeping
800 57 is thinking
800 57 has taken a fork
800 57 has taken a fork
800 57 is eating
0 58 is thinking
0 58 has taken a fork
0 58 has taken a fork
0 58 is eating
200 58 is sleeping
400 58 is thinking
400 58 has taken a fork
400 58 has taken a fork
400 58 is eating
600 58 is sleeping
800 58 is thinking
800 58 has taken a fork
800 58 has taken a fork
800 58 is eating
0 59 is thinking
0 59 has taken a fork
0 59 has taken a fork
0 59 is eating
200 59 is sleeping
400 59 is thinking
400 59 has taken a fork
400 59 has taken a fork
400 59 is eating
600 59 is sleeping
800 59 is thinking
800 59 has taken a fork
800 59 has taken a fork
800 59 is eating
0 60 is thinking
0 60 has taken a fork
0 60 has taken a fork
0 60 is eating
200 60 is sleeping
400 60 is thinking
400 60 has taken a fork
400 60 has taken a fork
400 60 is eating
600 60 is sleeping
800 60 is thinking
800 60 has taken a fork
800 60 has taken a fork
800 60 is eating
0 61 is thinking
0 61 has taken a fork
0 61 has taken a fork
0 61 is eating
200 61 is sleeping
400 61 is thinking
400 61 has taken a fork
400 61 has taken a fork
400 61 is eating
600 61 is sleeping
800 61 is thinking
800 61 has taken a fork
800 61 has taken a fork
800 61 is eating
0 62 is thinking
0 62 has taken a fork
0 62 has taken a fork
0 62 is eating
200 62 is sleeping
400 62 is thinking
400 62 has taken a fork
400 62 has taken a fork
400 62 is eating
600 62 is sleeping
800 62 is thinking
800 62 has taken a fork
800 62 has taken a fork
800 62 is eating
0 63 is thinking
0 63 has taken a fork
0 63 has taken a fork
0 63 is eating
200 63 is sleeping
400 63 is thinking
400 63 has taken a fork
400 63 has taken a fork
400 63 is eating
600 63 is sleeping
800 63 is thinking
800 63 has taken a fork
800 63 has taken a fork
800 63 is eating
0 64 is thinking
0 64 has taken a fork
0 64 has taken a fork
0 64 is eating
200 64 is sleeping
400 64 is thinking
400 64 has taken a fork
400 64 has taken a fork
400 64 is eating
600 64 is sleeping
800 64 is thinking
800 64 has taken a fork
800 64 has taken a fork
800 64 is eating
0 65 is thinking
0 65 has taken a fork
0 65 has taken a fork
0 65 is eating
200 65 is sleeping
400 65 is thinking
400 65 has taken a fork
400 65 has taken a fork
400 65 is eating
600 65 is sleeping
800 65 is thinking
800 65 has taken a fork
800 65 has taken a fork
800 65 is eating
0 66 is thinking
0 66 has taken a fork
0 66 has taken a fork
0 66 is eating
200 66 is sleeping
400 66 is thinking
400 66 has taken a fork
400 66 has taken a fork
400 66 is eating
600 66 is sleeping
800 66 is thinking
800 66 has taken a fork
800 66 has taken a fork
800 66 is eating
0 67 is thinking
0 67 has taken a fork
0 67 has taken a fork
0 67 is eating
200 67 is sleeping
400 67 is thinking
400 67 has taken a fork
400 67 has taken a fork
400 67 is eating
600 67 is sleeping
800 67 is thinking
800 67 has taken a fork
800 67 has taken a fork
800 67 is eating
0 68 is thinking
0 68 has taken a fork
0 68 has taken a fork
0 68 is eating
200 68 is sleeping
400 68 is thinking
400 68 has taken a fork
400 68 has taken a fork
400 68 is eating
600 68 is sleeping
800 68 is thinking
800 68 has taken a fork
800 68 has taken a fork
800 68 is eating
0 69 is thinking
0 69 has taken a fork
0 69 has taken a fork
0 69 is eating
200 69 is sleeping
400 69 is thinking
400 69 has taken a fork
400 69 has taken a fork
400 69 is eating
600 69 is sleeping
800 69 is thinking
800 69 has taken a fork
800 69 has taken a fork
800 69 is eating
0 70 is thinking
0 70 has taken a fork
0 70 has taken a fork
0 70 is eating
200 70 is sleeping
400 70 is thinking
400 70 has taken a fork
400 70 has taken a fork
400 70 is eating
600 70 is sleeping
800 70 is thinking
800 70 has taken a fork
800 70 has taken a fork
800 70 is eating
0 71 is thinking
0 71 has taken a fork
0 71 has taken a fork
0 71 is eating
200 71 is sleeping
400 71 is thinking
400 71 has taken a fork
400 71 has taken a fork
400 71 is eating
600 71 is sleeping
800 71 is thinking
800 71 has taken a fork
800 71 has taken a fork
800 71 is eating
0 72 is thinking
0 72 has taken a fork
0 72 has taken a fork
0 72 is eating
200 72 is sleeping
400 72 is thinking
400 72 has taken a fork
400 72 has taken a fork
400 72 is eating
600 72 is sleeping
800 72 is thinking
800 72 has taken a fork
800 72 has taken a fork
800 72 is eating
0 73 is thinking
0 73 has taken a fork
0 73 has taken a fork
0 73 is eating
200 73 is sleeping
400 73 is thinking
400 73 has taken a fork
400 73 has taken a fork
400 73 is eating
600 73 is sleeping
800 73 is thinking
800 73 has taken a fork
800 73 has taken a fork
800 73 is eating
0 74 is thinking
0 74 has taken a fork
0 74 has taken a fork
0 74 is eating
200 74 is sleeping
400 74 is thinking
400 74 has taken a fork
400 74 has taken a fork
400 74 is eating
600 74 is sleeping
800 74 is thinking
800 74 has taken a fork
800 74 has taken a fork
800 74 is eating
0 75 is thinking
0 75 has taken a fork
0 75 has taken a fork
0 75 is eating
200 75 is sleeping
400 75 is thinking
400 75 has taken a fork
400 75 has taken a fork
400 75 is eating
600 75 is sleeping
800 75 is thinking
800 75 has taken a fork
800 75 has taken a fork
800 75 is eating
0 76 is thinking
0 76 has taken a fork
0 76 has taken a fork
0 76 is eating
200 76 is sleeping
400 76 is thinking
400 76 has taken a fork
400 76 has taken a fork
400 76 is eating
600 76 is sleeping
800 76 is thinking
800 76 has taken a fork
800 76 has taken a fork
800 76 is eating
0 77 is thinking
0 77 has taken a fork
0 77 has taken a fork
0 77 is eating
200 77 is sleeping
400 77 is thinking
400 77 has taken a fork
400 77 has taken a fork
400 77 is eating
600 77 is sleeping
800 77 is thinking
800 77 has taken a fork
800 77 has taken a fork
800 77 is eating
0 78 is thinking
0 78 has taken a fork
0 78 has taken a fork
0 78 is eating
200 78 is sleeping
400 78 is thinking
400 78 has taken a fork
400 78 has taken a fork
400 78 is eating
600 78 is sleeping
800 78 is thinking
800 78 has taken a fork
800 78 has taken a fork
800 78 is eating
0 79 is thinking
0 79 has taken a fork
0 79 has taken a fork
0 79 is eating
200 79 is sleeping
400 79 is thinking
400 79 has taken a fork
400 79 has taken a fork
400 79 is eating
600 79 is sleeping
800 79 is thinking
800 79 has taken a fork
800 79 has taken a fork
800 79 is eating
0 80 is thinking
0 80 has taken a fork
0 80 has taken a fork
0 80 is eating
200 80 is sleeping
400 80 is thinking
400 80 has taken a fork
400 80 has taken a fork
400 80 is eating
600 80 is sleeping
800 80 is thinking
800 80 has taken a fork
800 80 has taken a fork
800 80 is eating
0 81 is thinking
0 81 has taken a fork
0 81 has taken a fork
0 81 is eating
200 81 is sleeping
400 81 is thinking
400 81 has taken a fork
400 81 has taken a fork
400 81 is eating
600 81 is sleeping
800 81 is thinking
800 81 has taken a fork
800 81 has taken a fork
800 81 is eating
0 82 is thinking
0 82 has taken a fork
0 82 has taken a fork
0 82 is eating
200 82 is sleeping
400 82 is thinking
400 82 has taken a fork
400 82 has taken a fork
400 82 is eating
600 82 is sleeping
800 82 is thinking
800 82 has taken a fork
800 82 has taken a fork
800 82 is eating
0 83 is thinking
0 83 has taken a fork
0 83 has taken a fork
0 83 is eating
200 83 is sleeping
400 83 is thinking
400 83 has taken a fork
400 83 has taken a fork
400 83 is eating
600 83 is sleeping
800 83 is thinking
800 83 has taken a fork
800 83 has taken a fork
800 83 is eating
0 84 is thinking
0 84 has taken a fork
0 84 has taken a fork
0 84 is eating
200 84 is sleeping
400 84 is thinking
400 84 has taken a fork
400 84 has taken a fork
400 84 is eating
600 84 is sleeping
800 84 is thinking
800 84 has taken a fork
800 84 has taken a fork
800 84 is eating
0 85 is thinking
0 85 has taken a fork
0 85 has taken a fork
0 85 is eating
200 85 is sleeping
400 85 is thinking
400 85 has taken a fork
400 85 has taken a fork
400 85 is eating
600 85 is sleeping
800 85 is thinking
800 85 has taken a fork
800 85 has taken a fork
800 85 is eating
0 86 is thinking
0 86 has taken a fork
0 86 has taken a fork
0 86 is eating
200 86 is sleeping
400 86 is thinking
400 86 has taken a fork
400 86 has taken a fork
400 86 is eating
600 86 is sleeping
800 86 is thinking
800 86 has taken a fork
800 86 has taken a fork
800 86 is eating
0 87 is thinking
1 87 has taken a fork
1 87 has taken a fork
1 87 is eating
201 87 is sleeping
401 87 is thinking
401 87 has taken a fork
401 87 has taken a fork
401 87 is eating
601 87 is sleeping
801 87 is thinking
801 87 has taken a fork
801 87 has taken a fork
801 87 is eating
0 88 is thinking
0 88 has taken a fork
0 88 has taken a fork
0 88 is eating
200 88 is sleeping
400 88 is thinking
400 88 has taken a fork
400 88 has taken a fork
400 88 is eating
600 88 is sleeping
800 88 is thinking
800 88 has taken a fork
800 88 has taken a fork
800 88 is eating
0 89 is thinking
0 89 has taken a fork
0 89 has taken a fork
0 89 is eating
200 89 is sleeping
400 89 is thinking
400 89 has taken a fork
400 89 has taken a fork
400 89 is eating
600 89 is sleeping
800 89 is thinking
800 89 has taken a fork
800 89 has taken a fork
800 89 is eating
0 90 is thinking
0 90 has taken a fork
0 90 has taken a fork
0 90 is eating
200 90 is sleeping
400 90 is thinking
400 90 has taken a fork
400 90 has taken a fork
400 90 is eating
600 90 is sleeping
800 90 is thinking
800 90 has taken a fork
800 90 has taken a fork
800 90 is eating
0 91 is thinking
0 91 has taken a fork
0 91 has taken a fork
0 91 is eating
200 91 is sleeping
400 91 is thinking
400 91 has taken a fork
400 91 has taken a fork
400 91 is eating
600 91 is sleeping
800 91 is thinking
800 91 has taken a fork
800 91 has taken a fork
800 91 is eating
0 92 is thinking
0 92 has taken a fork
0 92 has taken a fork
0 92 is eating
200 92 is sleeping
400 92 is thinking
400 92 has taken a fork
400 92 has taken a fork
400 92 is eating
600 92 is sleeping
800 92 is thinking
800 92 has taken a fork
800 92 has taken a fork
800 92 is eating
0 93 is thinking
0 93 has taken a fork
0 93 has taken a fork
0 93 is eating
200 93 is sleeping
400 93 is thinking
400 93 has taken a fork
400 93 has taken a fork
400 93 is eating
600 93 is sleeping
800 93 is thinking
800 93 has taken a fork
800 93 has taken a fork
800 93 is eating
0 94 is thinking
0 94 has taken a fork
0 94 has taken a fork
0 94 is eating
200 94 is sleeping
400 94 is thinking
400 94 has taken a fork
400 94 has taken a fork
400 94 is eating
600 94 is sleeping
800 94 is thinking
800 94 has taken a fork
800 94 has taken a fork
800 94 is eating
0 95 is thinking
0 95 has taken a fork
0 95 has taken a fork
0 95 is eating
200 95 is sleeping
400 95 is thinking
400 95 has taken a fork
400 95 has taken a fork
400 95 is eating
600 95 is sleeping
800 95 is thinking
800 95 has taken a fork
800 95 has taken a fork
800 95 is eating
0 96 is thinking
0 96 has taken a fork
0 96 has taken a fork
0 96 is eating
200 96 is sleeping
400 96 is thinking
400 96 has taken a fork
400 96 has taken a fork
400 96 is eating
600 96 is sleeping
800 96 is thinking
800 96 has taken a fork
800 96 has taken a fork
800 96 is eating
0 97 is thinking
0 97 has taken a fork
0 97 has taken a fork
0 97 is eating
200 97 is sleeping
400 97 is thinking
400 97 has taken a fork
400 97 has taken a fork
400 97 is eating
600 97 is sleeping
800 97 is thinking
800 97 has taken a fork
800 97 has taken a fork
800 97 is eating
0 98 is thinking
0 98 has taken a fork
0 98 has taken a fork
0 98 is eating
200 98 is sleeping
400 98 is thinking
400 98 has taken a fork
400 98 has taken a fork
400 98 is eating
600 98 is sleeping
800 98 is thinking
800 98 has taken a fork
800 98 has taken a fork
800 98 is eating
0 99 is thinking
0 99 has taken a fork
0 99 has taken a fork
0 99 is eating
200 99 is sleeping
400 99 is thinking
400 99 has taken a fork
400 99 has taken a fork
400 99 is eating
600 99 is sleeping
800 99 is thinking
800 99 has taken a fork
800 99 has taken a fork
800 99 is eating
0 100 is thinking
0 100 has taken a fork
0 100 has taken a fork
0 100 is eating
200 100 is sleeping
400 100 is thinking
400 100 has taken a fork
400 100 has taken a fork
400 100 is eating
600 100 is sleeping
800 100 is thinking
800 100 has taken a fork
800 100 has taken a fork
800 100 is eating
0 101 is thinking
1 101 has taken a fork
1 101 has taken a fork
1 101 is eating
201 101 is sleeping
401 101 is thinking
401 101 has taken a fork
401 101 has taken a fork
401 101 is eating
601 101 is sleeping
801 101 is thinking
801 101 has taken a fork
801 101 has taken a fork
801 101 is eating
0 102 is thinking
0 102 has taken a fork
0 102 has taken a fork
0 102 is eating
200 102 is sleeping
400 102 is thinking
400 102 has taken a fork
400 102 has taken a fork
400 102 is eating
600 102 is sleeping
800 102 is thinking
800 102 has taken a fork
800 102 has taken a fork
800 102 is eating
0 103 is thinking
0 103 has taken a fork
0 103 has taken a fork
0 103 is eating
200 103 is sleeping
400 103 is thinking
400 103 has taken a fork
400 103 has taken a fork
400 103 is eating
600 103 is sleeping
800 103 is thinking
800 103 has taken a fork
800 103 has taken a fork
800 103 is eating
0 104 is thinking
0 104 has taken a fork
0 104 has taken a fork
0 104 is eating
200 104 is sleeping
400 104 is thinking
400 104 has taken a fork
400 104 has taken a fork
400 104 is eating
600 104 is sleeping
800 104 is thinking
800 104 has taken a fork
800 104 has taken a fork
800 104 is eating
0 105 is thinking
1 105 has taken a fork
1 105 has taken a fork
1 105 is eating
201 105 is sleeping
401 105 is thinking
401 105 has taken a fork
401 105 has taken a fork
401 105 is eating
601 105 is sleeping
801 105 is thinking
801 105 has taken a fork
801 105 has taken a fork
801 105 is eating
0 106 is thinking
0 106 has taken a fork
0 106 has taken a fork
0 106 is eating
200 106 is sleeping
400 106 is thinking
400 106 has taken a fork
400 106 has taken a fork
400 106 is eating
600 106 is sleeping
800 106 is thinking
800 106 has taken a fork
800 106 has taken a fork
800 106 is eating
0 107 is thinking
0 107 has taken a fork
0 107 has taken a fork
0 107 is eating
200 107 is sleeping
400 107 is thinking
400 107 has taken a fork
400 107 has taken a fork
400 107 is eating
600 107 is sleeping
800 107 is thinking
800 107 has taken a fork
800 107 has taken a fork
800 107 is eating
0 108 is thinking
0 108 has taken a fork
0 108 has taken a fork
0 108 is eating
200 108 is sleeping
400 108 is thinking
400 108 has taken a fork
400 108 has taken a fork
400 108 is eating
600 108 is sleeping
800 108 is thinking
800 108 has taken a fork
800 108 has taken a fork
800 108 is eating
0 109 is thinking
0 109 has taken a fork
0 109 has taken a fork
0 109 is eating
200 109 is sleeping
400 109 is thinking
400 109 has taken a fork
400 109 has taken a fork
400 109 is eating
600 109 is sleeping
800 109 is thinking
800 109 has taken a fork
800 109 has taken a fork
800 109 is eating
0 110 is thinking
0 110 has taken a fork
0 110 has taken a fork
0 110 is eating
200 110 is sleeping
400 110 is thinking
400 110 has taken a fork
400 110 has taken a fork
400 110 is eating
600 110 is sleeping
800 110 is thinking
800 110 has taken a fork
800 110 has taken a fork
800 110 is eating
0 111 is thinking
0 111 has taken a fork
0 111 has taken a fork
0 111 is eating
200 111 is sleeping
400 111 is thinking
400 111 has taken a fork
400 111 has taken a fork
400 111 is eating
600 111 is sleeping
800 111 is thinking
800 111 has taken a fork
800 111 has taken a fork
800 111 is eating
0 112 is thinking
0 112 has taken a fork
0 112 has taken a fork
0 112 is eating
200 112 is sleeping
400 112 is thinking
400 112 has taken a fork
400 112 has taken a fork
400 112 is eating
600 112 is sleeping
800 112 is thinking
800 112 has taken a fork
800 112 has taken a fork
800 112 is eating
0 113 is thinking
0 113 has taken a fork
0 113 has taken a fork
0 113 is eating
200 113 is sleeping
400 113 is thinking
400 113 has taken a fork
400 113 has taken a fork
400 113 is eating
600 113 is sleeping
800 113 is thinking
800 113 has taken a fork
800 113 has taken a fork
800 113 is eating
0 114 is thinking
0 114 has taken a fork
0 114 has taken a fork
0 114 is eating
200 114 is sleeping
400 114 is thinking
400 114 has taken a fork
400 114 has taken a fork
400 114 is eating
600 114 is sleeping
800 114 is thinking
800 114 has taken a fork
800 114 has taken a fork
800 114 is eating
0 115 is thinking
0 115 has taken a fork
0 115 has taken a fork
0 115 is eating
200 115 is sleeping
400 115 is thinking
400 115 has taken a fork
400 115 has taken a fork
400 115 is eating
600 115 is sleeping
800 115 is thinking
800 115 has taken a fork
800 115 has taken a fork
800 115 is eating
0 116 is thinking
0 116 has taken a fork
0 116 has taken a fork
0 116 is eating
200 116 is sleeping
400 116 is thinking
400 116 has taken a fork
400 116 has taken a fork
400 116 is eating
600 116 is sleeping
800 116 is thinking
800 116 has taken a fork
800 116 has taken a fork
800 116 is eating
0 117 is thinking
0 117 has taken a fork
0 117 has taken a fork
0 117 is eating
200 117 is sleeping
400 117 is thinking
400 117 has taken a fork
400 117 has taken a fork
400 117 is eating
600 117 is sleeping
800 117 is thinking
800 117 has taken a fork
800 117 has taken a fork
800 117 is eating
0 118 is thinking
0 118 has taken a fork
0 118 has taken a fork
0 118 is eating
200 118 is sleeping
400 118 is thinking
400 118 has taken a fork
400 118 has taken a fork
400 118 is eating
600 118 is sleeping
800 118 is thinking
800 118 has taken a fork
800 118 has taken a fork
800 118 is eating
0 119 is thinking
0 119 has taken a fork
0 119 has taken a fork
0 119 is eating
200 119 is sleeping
400 119 is thinking
400 119 has taken a fork
400 119 has taken a fork
400 119 is eating
600 119 is sleeping
800 119 is thinking
800 119 has taken a fork
800 119 has taken a fork
800 119 is eating
0 120 is thinking
0 120 has taken a fork
0 120 has taken a fork
0 120 is eating
200 120 is sleeping
400 120 is thinking
400 120 has taken a fork
400 120 has taken a fork
400 120 is eating
600 120 is sleeping
800 120 is thinking
800 120 has taken a fork
800 120 has taken a fork
800 120 is eating
0 121 is thinking
0 121 has taken a fork
0 121 has taken a fork
0 121 is eating
200 121 is sleeping
400 121 is thinking
400 121 has taken a fork
400 121 has taken a fork
400 121 is eating
600 121 is sleeping
800 121 is thinking
800 121 has taken a fork
800 121 has taken a fork
800 121 is eating
0 122 is thinking
1 122 has taken a fork
1 122 has taken a fork
1 122 is eating
201 122 is sleeping
401 122 is thinking
401 122 has taken a fork
401 122 has taken a fork
401 122 is eating
601 122 is sleeping
801 122 is thinking
801 122 has taken a fork
801 122 has taken a fork
801 122 is eating
0 123 is thinking
0 123 has taken a fork
0 123 has taken a fork
0 123 is eating
200 123 is sleeping
400 123 is thinking
400 123 has taken a fork
400 123 has taken a fork
400 123 is eating
600 123 is sleeping
800 123 is thinking
800 123 has taken a fork
800 123 has taken a fork
800 123 is eating
0 124 is thinking
0 124 has taken a fork
0 124 has taken a fork
0 124 is eating
200 124 is sleeping
400 124 is thinking
400 124 has taken a fork
400 124 has taken a fork
400 124 is eating
600 124 is sleeping
800 124 is thinking
800 124 has taken a fork
800 124 has taken a fork
800 124 is eating
0 125 is thinking
0 125 has taken a fork
0 125 has taken a fork
0 125 is eating
200 125 is sleeping
400 125 is thinking
400 125 has taken a fork
400 125 has taken a fork
400 125 is eating
600 125 is sleeping
800 125 is thinking
800 125 has taken a fork
800 125 has taken a fork
800 125 is eating
0 126 is thinking
0 126 has taken a fork
0 126 has taken a fork
0 126 is eating
200 126 is sleeping
400 126 is thinking
400 126 has taken a fork
400 126 has taken a fork
400 126 is eating
600 126 is sleeping
800 126 is thinking
800 126 has taken a fork
800 126 has taken a fork
800 126 is eating
0 127 is thinking
0 127 has taken a fork
0 127 has taken a fork
0 127 is eating
200 127 is sleeping
400 127 is thinking
400 127 has taken a fork
400 127 has taken a fork
400 127 is eating
600 127 is sleeping
800 127 is thinking
800 127 has taken a fork
800 127 has taken a fork
800 127 is eating
0 128 is thinking
0 128 has taken a fork
0 128 has taken a fork
0 128 is eating
200 128 is sleeping
400 128 is thinking
400 128 has taken a fork
400 128 has taken a fork
400 128 is eating
600 128 is sleeping
800 128 is thinking
800 128 has taken a fork
800 128 has taken a fork
800 128 is eating
0 129 is thinking
0 129 has taken a fork
0 129 has taken a fork
0 129 is eating
200 129 is sleeping
400 129 is thinking
400 129 has taken a fork
400 129 has taken a fork
400 129 is eating
600 129 is sleeping
800 129 is thinking
800 129 has taken a fork
800 129 has taken a fork
800 129 is eating
0 130 is thinking
0 130 has taken a fork
0 130 has taken a fork
0 130 is eating
200 130 is sleeping
400 130 is thinking
400 130 has taken a fork
400 130 has taken a fork
400 130 is eating
600 130 is sleeping
800 130 is thinking
800 130 has taken a fork
800 130 has taken a fork
800 130 is eating
0 131 is thinking
0 131 has taken a fork
0 131 has taken a fork
0 131 is eating
200 131 is sleeping
400 131 is thinking
400 131 has taken a fork
400 131 has taken a fork
400 131 is eating
600 131 is sleeping
800 131 is thinking
800 131 has taken a fork
800 131 has taken a fork
800 131 is eating
0 132 is thinking
0 132 has taken a fork
0 132 has taken a fork
0 132 is eating
200 132 is sleeping
400 132 is thinking
400 132 has taken a fork
400 132 has taken a fork
400 132 is eating
600 132 is sleeping
800 132 is thinking
800 132 has taken a fork
800 132 has taken a fork
800 132 is eating
0 133 is thinking
0 133 has taken a fork
0 133 has taken a fork
0 133 is eating
200 133 is sleeping
400 133 is thinking
400 133 has taken a fork
400 133 has taken a fork
400 133 is eating
600 133 is sleeping
800 133 is thinking
800 133 has taken a fork
800 133 has taken a fork
800 133 is eating
0 134 is thinking
0 134 has taken a fork
0 134 has taken a fork
0 134 is eating
200 134 is sleeping
400 134 is thinking
400 134 has taken a fork
400 134 has taken a fork
400 134 is eating
600 134 is sleeping
800 134 is thinking
800 134 has taken a fork
800 134 has taken a fork
800 134 is eating
0 135 is thinking
0 135 has taken a fork
0 135 has taken a fork
0 135 is eating
200 135 is sleeping
400 135 is thinking
400 135 has taken a fork
400 135 has taken a fork
400 135 is eating
600 135 is sleeping
800 135 is thinking
800 135 has taken a fork
800 135 has taken a fork
800 135 is eating
0 136 is thinking
0 136 has taken a fork
0 136 has taken a fork
0 136 is eating
200 136 is sleeping
400 136 is thinking
400 136 has taken a fork
400 136 has taken a fork
400 136 is eating
600 136 is sleeping
800 136 is thinking
800 136 has taken a fork
800 136 has taken a fork
800 136 is eating
0 137 is thinking
0 137 has taken a fork
0 137 has taken a fork
0 137 is eating
200 137 is sleeping
400 137 is thinking
400 137 has taken a fork
400 137 has taken a fork
400 137 is eating
600 137 is sleeping
800 137 is thinking
800 137 has taken a fork
800 137 has taken a fork
800 137 is eating
0 138 is thinking
0 138 has taken a fork
0 138 has taken a fork
0 138 is eating
200 138 is sleeping
400 138 is thinking
400 138 has taken a fork
400 138 has taken a fork
400 138 is eating
600 138 is sleeping
800 138 is thinking
800 138 has taken a fork
800 138 has taken a fork
800 138 is eating
0 139 is thinking
0 139 has taken a fork
0 139 has taken a fork
0 139 is eating
200 139 is sleeping
400 139 is thinking
400 139 has taken a fork
400 139 has taken a fork
400 139 is eating
600 139 is sleeping
800 139 is thinking
800 139 has taken a fork
800 139 has taken a fork
800 139 is eating
0 140 is thinking
0 140 has taken a fork
0 140 has taken a fork
0 140 is eating
200 140 is sleeping
400 140 is thinking
400 140 has taken a fork
400 140 has taken a fork
400 140 is eating
600 140 is sleeping
800 140 is thinking
800 140 has taken a fork
800 140 has taken a fork
800 140 is eating
0 141 is thinking
0 141 has taken a fork
0 141 has taken a fork
0 141 is eating
200 141 is sleeping
400 141 is thinking
400 141 has taken a fork
400 141 has taken a fork
400 141 is eating
600 141 is sleeping
800 141 is thinking
800 141 has taken a fork
800 141 has taken a fork
800 141 is eating
0 142 is thinking
0 142 has taken a fork
0 142 has taken a fork
0 142 is eating
200 142 is sleeping
400 142 is thinking
400 142 has taken a fork
400 142 has taken a fork
400 142 is eating
600 142 is sleeping
800 142 is thinking
800 142 has taken a fork
800 142 has taken a fork
800 142 is eating
0 143 is thinking
0 143 has taken a fork
0 143 has taken a fork
0 143 is eating
200 143 is sleeping
400 143 is thinking
400 143 has taken a fork
400 143 has taken a fork
400 143 is eating
600 143 is sleeping
800 143 is thinking
800 143 has taken a fork
800 143 has taken a fork
800 143 is eating
0 144 is thinking
0 144 has taken a fork
0 144 has taken a fork
0 144 is eating
200 144 is sleeping
400 144 is thinking
400 144 has taken a fork
400 144 has taken a fork
400 144 is eating
600 144 is sleeping
800 144 is thinking
800 144 has taken a fork
800 144 has taken a fork
800 144 is eating
0 145 is thinking
0 145 has taken a fork
0 145 has taken a fork
0 145 is eating
200 145 is sleeping
400 145 is thinking
400 145 has taken a fork
400 145 has taken a fork
400 145 is eating
600 145 is sleeping
800 145 is thinking
800 145 has taken a fork
800 145 has taken a fork
800 145 is eating
1 146 is thinking
1 146 has taken a fork
1 146 has taken a fork
1 146 is eating
201 146 is sleeping
401 146 is thinking
401 146 has taken a fork
401 146 has taken a fork
401 146 is eating
601 146 is sleeping
801 146 is thinking
801 146 has taken a fork
801 146 has taken a fork
801 146 is eating
0 147 is thinking
0 147 has taken a fork
0 147 has taken a fork
0 147 is eating
200 147 is sleeping
400 147 is thinking
400 147 has taken a fork
400 147 has taken a fork
400 147 is eating
600 147 is sleeping
800 147 is thinking
800 147 has taken a fork
800 147 has taken a fork
800 147 is eating
0 148 is thinking
0 148 has taken a fork
0 148 has taken a fork
0 148 is eating
200 148 is sleeping
400 148 is thinking
400 148 has taken a fork
400 148 has taken a fork
400 148 is eating
600 148 is sleeping
800 148 is thinking
800 148 has taken a fork
800 148 has taken a fork
800 148 is eating
0 149 is thinking
0 149 has taken a fork
0 149 has taken a fork
0 149 is eating
200 149 is sleeping
400 149 is thinking
400 149 has taken a fork
400 149 has taken a fork
400 149 is eating
600 149 is sleeping
800 149 is thinking
800 149 has taken a fork
800 149 has taken a fork
800 149 is eating
0 150 is thinking
0 150 has taken a fork
0 150 has taken a fork
0 150 is eating
200 150 is sleeping
400 150 is thinking
400 150 has taken a fork
400 150 has taken a fork
400 150 is eating
600 150 is sleeping
800 150 is thinking
800 150 has taken a fork
800 150 has taken a fork
800 150 is eating
0 151 is thinking
0 151 has taken a fork
0 151 has taken a fork
0 151 is eating
200 151 is sleeping
400 151 is thinking
400 151 has taken a fork
400 151 has taken a fork
400 151 is eating
600 151 is sleeping
800 151 is thinking
800 151 has taken a fork
800 151 has taken a fork
800 151 is eating
0 152 is thinking
0 152 has taken a fork
0 152 has taken a fork
0 152 is eating
200 152 is sleeping
400 152 is thinking
400 152 has taken a fork
400 152 has taken a fork
400 152 is eating
600 152 is sleeping
800 152 is thinking
800 152 has taken a fork
800 152 has taken a fork
800 152 is eating
0 153 is thinking
0 153 has taken a fork
0 153 has taken a fork
0 153 is eating
200 153 is sleeping
400 153 is thinking
400 153 has taken a fork
400 153 has taken a fork
400 153 is eating
600 153 is sleeping
800 153 is thinking
800 153 has taken a fork
800 153 has taken a fork
800 153 is eating
0 154 is thinking
0 154 has taken a fork
0 154 has taken a fork
0 154 is eating
200 154 is sleeping
400 154 is thinking
400 154 has taken a fork
400 154 has taken a fork
400 154 is eating
600 154 is sleeping
800 154 is thinking
800 154 has taken a fork
800 154 has taken a fork
800 154 is eating
0 155 is thinking
0 155 has taken a fork
0 155 has taken a fork
0 155 is eating
200 155 is sleeping
400 155 is thinking
400 155 has taken a fork
400 155 has taken a fork
400 155 is eating
600 155 is sleeping
800 155 is thinking
800 155 has taken a fork
800 155 has taken a fork
800 155 is eating
0 156 is thinking
0 156 has taken a fork
0 156 has taken a fork
0 156 is eating
200 156 is sleeping
400 156 is thinking
400 156 has taken a fork
400 156 has taken a fork
400 156 is eating
600 156 is sleeping
800 156 is thinking
800 156 has taken a fork
800 156 has taken a fork
800 156 is eating
0 157 is thinking
0 157 has taken a fork
0 157 has taken a fork
0 157 is eating
200 157 is sleeping
400 157 is thinking
400 157 has taken a fork
400 157 has taken a fork
400 157 is eating
600 157 is sleeping
800 157 is thinking
800 157 has taken a fork
800 157 has taken a fork
800 157 is eating
0 158 is thinking
0 158 has taken a fork
0 158 has taken a fork
0 158 is eating
200 158 is sleeping
400 158 is thinking
400 158 has taken a fork
400 158 has taken a fork
400 158 is eating
600 158 is sleeping
800 158 is thinking
800 158 has taken a fork
800 158 has taken a fork
800 158 is eating
0 159 is thinking
0 159 has taken a fork
0 159 has taken a fork
0 159 is eating
200 159 is sleeping
400 159 is thinking
400 159 has taken a fork
400 159 has taken a fork
400 159 is eating
600 159 is sleeping
800 159 is thinking
800 159 has taken a fork
800 159 has taken a fork
800 159 is eating
0 160 is thinking
0 160 has taken a fork
0 160 has taken a fork
0 160 is eating
200 160 is sleeping
400 160 is thinking
400 160 has taken a fork
400 160 has taken a fork
400 160 is eating
600 160 is sleeping
800 160 is thinking
800 160 has taken a fork
800 160 has taken a fork
800 160 is eating
0 161 is thinking
0 161 has taken a fork
0 161 has taken a fork
0 161 is eating
200 161 is sleeping
400 161 is thinking
400 161 has taken a fork
400 161 has taken a fork
400 161 is eating
600 161 is sleeping
800 161 is thinking
800 161 has taken a fork
800 161 has taken a fork
800 161 is eating
0 162 is thinking
0 162 has taken a fork
0 162 has taken a fork
0 162 is eating
200 162 is sleeping
400 162 is thinking
400 162 has taken a fork
400 162 has taken a fork
400 162 is eating
600 162 is sleeping
800 162 is thinking
800 162 has taken a fork
800 162 has taken a fork
800 162 is eating
0 163 is thinking
0 163 has taken a fork
0 163 has taken a fork
0 163 is eating
200 163 is sleeping
400 163 is thinking
400 163 has taken a fork
400 163 has taken a fork
400 163 is eating
600 163 is sleeping
800 163 is thinking
800 163 has taken a fork
800 163 has taken a fork
800 163 is eating
0 164 is thinking
0 164 has taken a fork
0 164 has taken a fork
0 164 is eating
200 164 is sleeping
400 164 is thinking
400 164 has taken a fork
400 164 has taken a fork
400 164 is eating
600 164 is sleeping
800 164 is thinking
800 164 has taken a fork
800 164 has taken a fork
800 164 is eating
0 165 is thinking
0 165 has taken a fork
0 165 has taken a fork
0 165 is eating
200 165 is sleeping
400 165 is thinking
400 165 has taken a fork
400 165 has taken a fork
400 165 is eating
600 165 is sleeping
800 165 is thinking
800 165 has taken a fork
800 165 has taken a fork
800 165 is eating
0 166 is thinking
0 166 has taken a fork
0 166 has taken a fork
0 166 is eating
200 166 is sleeping
400 166 is thinking
400 166 has taken a fork
400 166 has taken a fork
400 166 is eating
600 166 is sleeping
800 166 is thinking
800 166 has taken a fork
800 166 has taken a fork
800 166 is eating
0 167 is thinking
0 167 has taken a fork
0 167 has taken a fork
0 167 is eating
200 167 is sleeping
400 167 is thinking
400 167 has taken a fork
400 167 has taken a fork
400 167 is eating
600 167 is sleeping
800 167 is thinking
800 167 has taken a fork
800 167 has taken a fork
800 167 is eating
0 168 is thinking
0 168 has taken a fork
0 168 has taken a fork
0 168 is eating
200 168 is sleeping
400 168 is thinking
400 168 has taken a fork
400 168 has taken a fork
400 168 is eating
600 168 is sleeping
800 168 is thinking
800 168 has taken a fork
800 168 has taken a fork
800 168 is eating
0 169 is thinking
0 169 has taken a fork
0 169 has taken a fork
0 169 is eating
200 169 is sleeping
400 169 is thinking
400 169 has taken a fork
400 169 has taken a fork
400 169 is eating
600 169 is sleeping
800 169 is thinking
800 169 has taken a fork
800 169 has taken a fork
800 169 is eating
0 170 is thinking
0 170 has taken a fork
0 170 has taken a fork
0 170 is eating
200 170 is sleeping
400 170 is thinking
400 170 has taken a fork
400 170 has taken a fork
400 170 is eating
600 170 is sleeping
800 170 is thinking
800 170 has taken a fork
800 170 has taken a fork
800 170 is eating
0 171 is thinking
0 171 has taken a fork
0 171 has taken a fork
0 171 is eating
200 171 is sleeping
400 171 is thinking
400 171 has taken a fork
400 171 has taken a fork
400 171 is eating
600 171 is sleeping
800 171 is thinking
800 171 has taken a fork
800 171 has taken a fork
800 171 is eating
0 172 is thinking
0 172 has taken a fork
0 172 has taken a fork
0 172 is eating
200 172 is sleeping
400 172 is thinking
400 172 has taken a fork
400 172 has taken a fork
400 172 is eating
600 172 is sleeping
800 172 is thinking
800 172 has taken a fork
800 172 has taken a fork
800 172 is eating
0 173 is thinking
0 173 has taken a fork
0 173 has taken a fork
0 173 is eating
200 173 is sleeping
400 173 is thinking
400 173 has taken a fork
400 173 has taken a fork
400 173 is eating
600 173 is sleeping
800 173 is thinking
800 173 has taken a fork
800 173 has taken a fork
800 173 is eating
0 174 is thinking
0 174 has taken a fork
0 174 has taken a fork
0 174 is eating
200 174 is sleeping
400 174 is thinking
400 174 has taken a fork
400 174 has taken a fork
400 174 is eating
600 174 is sleeping
800 174 is thinking
800 174 has taken a fork
800 174 has taken a fork
800 174 is eating
0 175 is thinking
0 175 has taken a fork
0 175 has taken a fork
0 175 is eating
200 175 is sleeping
400 175 is thinking
400 175 has taken a fork
400 175 has taken a fork
400 175 is eating
600 175 is sleeping
800 175 is thinking
800 175 has taken a fork
800 175 has taken a fork
800 175 is eating
0 176 is thinking
0 176 has taken a fork
0 176 has taken a fork
0 176 is eating
200 176 is sleeping
400 176 is thinking
400 176 has taken a fork
400 176 has taken a fork
400 176 is eating
600 176 is sleeping
800 176 is thinking
800 176 has taken a fork
800 176 has taken a fork
800 176 is eating
1 177 is thinking
1 177 has taken a fork
1 177 has taken a fork
1 177 is eating
201 177 is sleeping
401 177 is thinking
401 177 has taken a fork
401 177 has taken a fork
401 177 is eating
601 177 is sleeping
801 177 is thinking
801 177 has taken a fork
801 177 has taken a fork
801 177 is eating
0 178 is thinking
0 178 has taken a fork
0 178 has taken a fork
0 178 is eating
200 178 is sleeping
400 178 is thinking
400 178 has taken a fork
400 178 has taken a fork
400 178 is eating
600 178 is sleeping
800 178 is thinking
800 178 has taken a fork
800 178 has taken a fork
800 178 is eating
0 179 is thinking
1 179 has taken a fork
1 179 has taken a fork
1 179 is eating
201 179 is sleeping
401 179 is thinking
401 179 has taken a fork
401 179 has taken a fork
401 179 is eating
601 179 is sleeping
801 179 is thinking
801 179 has taken a fork
801 179 has taken a fork
801 179 is eating
0 180 is thinking
0 180 has taken a fork
0 180 has taken a fork
0 180 is eating
200 180 is sleeping
400 180 is thinking
400 180 has taken a fork
400 180 has taken a fork
400 180 is eating
600 180 is sleeping
800 180 is thinking
800 180 has taken a fork
800 180 has taken a fork
800 180 is eating
0 181 is thinking
0 181 has taken a fork
0 181 has taken a fork
0 181 is eating
200 181 is sleeping
400 181 is thinking
400 181 has taken a fork
400 181 has taken a fork
400 181 is eating
600 181 is sleeping
800 181 is thinking
800 181 has taken a fork
800 181 has taken a fork
800 181 is eating
0 182 is thinking
0 182 has taken a fork
0 182 has taken a fork
0 182 is eating
200 182 is sleeping
400 182 is thinking
400 182 has taken a fork
400 182 has taken a fork
400 182 is eating
600 182 is sleeping
800 182 is thinking
800 182 has taken a fork
800 182 has taken a fork
800 182 is eating
0 183 is thinking
0 183 has taken a fork
0 183 has taken a fork
0 183 is eating
200 183 is sleeping
400 183 is thinking
400 183 has taken a fork
400 183 has taken a fork
400 183 is eating
600 183 is sleeping
800 183 is thinking
800 183 has taken a fork
800 183 has taken a fork
800 183 is eating
0 184 is thinking
0 184 has taken a fork
0 184 has taken a fork
0 184 is eating
200 184 is sleeping
400 184 is thinking
400 184 has taken a fork
400 184 has taken a fork
400 184 is eating
600 184 is sleeping
800 184 is thinking
800 184 has taken a fork
800 184 has taken a fork
800 184 is eating
0 185 is thinking
0 185 has taken a fork
0 185 has taken a fork
0 185 is eating
200 185 is sleeping
400 185 is thinking
400 185 has taken a fork
400 185 has taken a fork
400 185 is eating
600 185 is sleeping
800 185 is thinking
800 185 has taken a fork
800 185 has taken a fork
800 185 is eating
0 186 is thinking
0 186 has taken a fork
0 186 has taken a fork
0 186 is eating
200 186 is sleeping
400 186 is thinking
400 186 has taken a fork
400 186 has taken a fork
400 186 is eating
600 186 is sleeping
800 186 is thinking
800 186 has taken a fork
800 186 has taken a fork
800 186 is eating
0 187 is thinking
0 187 has taken a fork
0 187 has taken a fork
0 187 is eating
200 187 is sleeping
400 187 is thinking
400 187 has taken a fork
400 187 has taken a fork
400 187 is eating
600 187 is sleeping
800 187 is thinking
800 187 has taken a fork
800 187 has taken a fork
800 187 is eating
0 188 is thinking
0 188 has taken a fork
0 188 has taken a fork
0 188 is eating
200 188 is sleeping
400 188 is thinking
400 188 has taken a fork
400 188 has taken a fork
400 188 is eating
600 188 is sleeping
800 188 is thinking
800 188 has taken a fork
800 188 has taken a fork
800 188 is eating
0 189 is thinking
0 189 has taken a fork
0 189 has taken a fork
0 189 is eating
200 189 is sleeping
400 189 is thinking
400 189 has taken a fork
400 189 has taken a fork
400 189 is eating
600 189 is sleeping
800 189 is thinking
800 189 has taken a fork
800 189 has taken a fork
800 189 is eating
0 190 is thinking
0 190 has taken a fork
0 190 has taken a fork
0 190 is eating
200 190 is sleeping
400 190 is thinking
400 190 has taken a fork
400 190 has taken a fork
400 190 is eating
600 190 is sleeping
800 190 is thinking
800 190 has taken a fork
800 190 has taken a fork
800 190 is eating
0 191 is thinking
0 191 has taken a fork
0 191 has taken a fork
0 191 is eating
200 191 is sleeping
400 191 is thinking
400 191 has taken a fork
400 191 has taken a fork
400 191 is eating
600 191 is sleeping
800 191 is thinking
800 191 has taken a fork
800 191 has taken a fork
800 191 is eating
0 192 is thinking
0 192 has taken a fork
0 192 has taken a fork
0 192 is eating
200 192 is sleeping
400 192 is thinking
400 192 has taken a fork
400 192 has taken a fork
400 192 is eating
600 192 is sleeping
800 192 is thinking
800 192 has taken a fork
800 192 has taken a fork
800 192 is eating
0 193 is thinking
0 193 has taken a fork
0 193 has taken a fork
0 193 is eating
200 193 is sleeping
400 193 is thinking
400 193 has taken a fork
400 193 has taken a fork
400 193 is eating
600 193 is sleeping
800 193 is thinking
800 193 has taken a fork
800 193 has taken a fork
800 193 is eating
0 194 is thinking
0 194 has taken a fork
0 194 has taken a fork
0 194 is eating
200 194 is sleeping
400 194 is thinking
400 194 has taken a fork
400 194 has taken a fork
400 194 is eating
600 194 is sleeping
800 194 is thinking
800 194 has taken a fork
800 194 has taken a fork
800 194 is eating
0 195 is thinking
0 195 has taken a fork
0 195 has taken a fork
0 195 is eating
200 195 is sleeping
400 195 is thinking
400 195 has taken a fork
400 195 has taken a fork
400 195 is eating
600 195 is sleeping
800 195 is thinking
800 195 has taken a fork
800 195 has taken a fork
800 195 is eating
0 196 is thinking
0 196 has taken a fork
0 196 has taken a fork
0 196 is eating
200 196 is sleeping
400 196 is thinking
400 196 has taken a fork
400 196 has taken a fork
400 196 is eating
600 196 is sleeping
800 196 is thinking
800 196 has taken a fork
800 196 has taken a fork
800 196 is eating
0 197 is thinking
0 197 has taken a fork
0 197 has taken a fork
0 197 is eating
200 197 is sleeping
400 197 is thinking
400 197 has taken a fork
400 197 has taken a fork
400 197 is eating
600 197 is sleeping
800 197 is thinking
800 197 has taken a fork
800 197 has taken a fork
800 197 is eating
0 198 is thinking
0 198 has taken a fork
0 198 has taken a fork
0 198 is eating
200 198 is sleeping
400 198 is thinking
400 198 has taken a fork
400 198 has taken a fork
400 198 is eating
600 198 is sleeping
800 198 is thinking
800 198 has taken a fork
800 198 has taken a fork
800 198 is eating
0 199 is thinking
0 199 has taken a fork
0 199 has taken a fork
0 199 is eating
200 199 is sleeping
400 199 is thinking
400 199 has taken a fork
400 199 has taken a fork
400 199 is eating
600 199 is sleeping
800 199 is thinking
800 199 has taken a fork
800 199 has taken a fork
800 199 is eating
0 200 is thinking
0 200 has taken a fork
0 200 has taken a fork
0 200 is eating
200 200 is sleeping
400 200 is thinking
400 200 has taken a fork
400 200 has taken a fork
400 200 is eating
600 200 is sleeping
800 200 is thinking
800 200 has taken a fork
800 200 has taken a fork
800 200 is eating
